2025-04-11 13:55:03,434 - utils.config_utils - INFO - Configuration loaded from config/config.yaml
2025-04-11 13:55:03,436 - __main__ - INFO - Starting training with configuration: {'dataset': {'data_path': 'C:\\Users\\amars\\Downloads\\eeg2text\\eeg2text\\Contrastive_EEG\\..\\ZuCo\\task1-SR\\pickle\\task1-SR-dataset.pickle', 'vocab_size': 10000, 'min_freq': 5, 'max_seq_len': 2000, 'train_split': 0.8, 'batch_size': 32}, 'eeg_encoder': {'input_size': 105, 'hidden_size': 768, 'num_layers': 6, 'num_heads': 8, 'dropout': 0.1, 'dim_feedforward': 2048}, 'text_encoder': {'model': 'facebook/bart-base', 'freeze_first_step': True, 'unfreeze_embeddings': True, 'unfreeze_first_layer': True}, 'projection': {'hidden_dim': 256, 'output_dim': 128, 'dropout': 0.1}, 'training': {'step1': {'epochs': 50, 'lr': 0.01, 'lr_step': 20, 'lr_gamma': 0.1}, 'step2': {'epochs': 30, 'lr': 0.001, 'lr_step': 10, 'lr_gamma': 0.1}, 'optimizer': 'sgd', 'momentum': 0.9, 'temperature': 0.07, 'save_dir': 'C:\\Users\\amars\\Downloads\\eeg2text\\eeg2text\\Contrastive_EEG\\..\\output\\contrastive_model\\run_20250411_135503'}}
2025-04-11 13:55:03,437 - __main__ - INFO - Output will be saved to C:\Users\amars\Downloads\eeg2text\eeg2text\Contrastive_EEG\..\output\contrastive_model\run_20250411_135503
2025-04-11 13:55:03,438 - __main__ - INFO - Loading ZuCo dataset from C:\Users\amars\Downloads\eeg2text\eeg2text\Contrastive_EEG\..\ZuCo\task1-SR\pickle\task1-SR-dataset.pickle
2025-04-11 13:55:10,563 - src.data.data_loader - INFO - Loading data from C:\Users\amars\Downloads\eeg2text\eeg2text\Contrastive_EEG\..\ZuCo\task1-SR\pickle\task1-SR-dataset.pickle
2025-04-11 13:55:45,076 - src.data.data_loader - INFO - Dataset loaded successfully
2025-04-11 13:55:45,077 - src.data.data_loader - ERROR - Error loading data: 'str' object has no attribute 'get'
2025-04-11 13:58:55,574 - utils.config_utils - INFO - Configuration loaded from config/config.yaml
2025-04-11 13:58:55,576 - __main__ - INFO - Starting training with configuration: {'dataset': {'data_path': 'C:\\Users\\amars\\Downloads\\eeg2text\\eeg2text\\Contrastive_EEG\\..\\ZuCo\\task1-SR\\pickle\\task1-SR-dataset.pickle', 'vocab_size': 10000, 'min_freq': 5, 'max_seq_len': 2000, 'train_split': 0.8, 'batch_size': 32}, 'eeg_encoder': {'input_size': 105, 'hidden_size': 768, 'num_layers': 6, 'num_heads': 8, 'dropout': 0.1, 'dim_feedforward': 2048}, 'text_encoder': {'model': 'facebook/bart-base', 'freeze_first_step': True, 'unfreeze_embeddings': True, 'unfreeze_first_layer': True}, 'projection': {'hidden_dim': 256, 'output_dim': 128, 'dropout': 0.1}, 'training': {'step1': {'epochs': 50, 'lr': 0.01, 'lr_step': 20, 'lr_gamma': 0.1}, 'step2': {'epochs': 30, 'lr': 0.001, 'lr_step': 10, 'lr_gamma': 0.1}, 'optimizer': 'sgd', 'momentum': 0.9, 'temperature': 0.07, 'save_dir': 'C:\\Users\\amars\\Downloads\\eeg2text\\eeg2text\\Contrastive_EEG\\..\\output\\contrastive_model\\run_20250411_135855'}}
2025-04-11 13:58:55,576 - __main__ - INFO - Output will be saved to C:\Users\amars\Downloads\eeg2text\eeg2text\Contrastive_EEG\..\output\contrastive_model\run_20250411_135855
2025-04-11 13:58:55,577 - __main__ - INFO - Loading ZuCo dataset from C:\Users\amars\Downloads\eeg2text\eeg2text\Contrastive_EEG\..\ZuCo\task1-SR\pickle\task1-SR-dataset.pickle
2025-04-11 13:58:56,617 - src.data.data_loader - INFO - Loading data from C:\Users\amars\Downloads\eeg2text\eeg2text\Contrastive_EEG\..\ZuCo\task1-SR\pickle\task1-SR-dataset.pickle
2025-04-11 13:59:03,274 - src.data.data_loader - INFO - Dataset loaded successfully
2025-04-11 13:59:03,275 - src.data.data_loader - INFO - Trying alternative dataset format (dictionary structure)
2025-04-11 13:59:03,275 - src.data.data_loader - INFO - Processed 0 sentences
2025-04-11 13:59:03,275 - src.data.data_loader - INFO - EEG feature dimension: None
2025-04-11 13:59:03,675 - __main__ - INFO - Dataset loaded with 0 samples
2025-04-11 13:59:03,676 - __main__ - INFO - EEG feature dimension: None
2025-04-11 14:05:11,318 - utils.config_utils - INFO - Configuration loaded from config/config.yaml
2025-04-11 14:05:11,321 - __main__ - INFO - Starting training with configuration: {'dataset': {'data_path': 'C:\\Users\\amars\\Downloads\\eeg2text\\eeg2text\\Contrastive_EEG\\..\\ZuCo\\task1-SR\\pickle\\task1-SR-dataset.pickle', 'vocab_size': 10000, 'min_freq': 5, 'max_seq_len': 2000, 'train_split': 0.8, 'batch_size': 32}, 'eeg_encoder': {'input_size': 105, 'hidden_size': 768, 'num_layers': 6, 'num_heads': 8, 'dropout': 0.1, 'dim_feedforward': 2048}, 'text_encoder': {'model': 'facebook/bart-base', 'freeze_first_step': True, 'unfreeze_embeddings': True, 'unfreeze_first_layer': True}, 'projection': {'hidden_dim': 256, 'output_dim': 128, 'dropout': 0.1}, 'training': {'step1': {'epochs': 50, 'lr': 0.01, 'lr_step': 20, 'lr_gamma': 0.1}, 'step2': {'epochs': 30, 'lr': 0.001, 'lr_step': 10, 'lr_gamma': 0.1}, 'optimizer': 'sgd', 'momentum': 0.9, 'temperature': 0.07, 'save_dir': 'C:\\Users\\amars\\Downloads\\eeg2text\\eeg2text\\Contrastive_EEG\\..\\output\\contrastive_model\\run_20250411_140511'}}
2025-04-11 14:05:11,321 - __main__ - INFO - Output will be saved to C:\Users\amars\Downloads\eeg2text\eeg2text\Contrastive_EEG\..\output\contrastive_model\run_20250411_140511
2025-04-11 14:05:11,321 - __main__ - INFO - Loading ZuCo dataset from C:\Users\amars\Downloads\eeg2text\eeg2text\Contrastive_EEG\..\ZuCo\task1-SR\pickle\task1-SR-dataset.pickle
2025-04-11 14:05:12,229 - src.data.data_loader - INFO - Loading data from C:\Users\amars\Downloads\eeg2text\eeg2text\Contrastive_EEG\..\ZuCo\task1-SR\pickle\task1-SR-dataset.pickle
2025-04-11 14:05:15,610 - src.data.data_loader - INFO - Dataset loaded successfully
2025-04-11 14:05:15,611 - src.data.data_loader - INFO - Dataset is a dictionary structure
2025-04-11 14:05:15,611 - src.data.data_loader - INFO - Processed 0 sentences
2025-04-11 14:05:15,612 - src.data.data_loader - INFO - EEG feature dimension: None
2025-04-11 14:05:16,005 - __main__ - INFO - Dataset loaded with 0 samples
2025-04-11 14:05:16,005 - __main__ - INFO - EEG feature dimension: None
2025-04-11 14:12:21,729 - utils.config_utils - INFO - Configuration loaded from config/config.yaml
2025-04-11 14:12:21,731 - __main__ - INFO - Starting training with configuration: {'dataset': {'data_path': 'C:\\Users\\amars\\Downloads\\eeg2text\\eeg2text\\Contrastive_EEG\\..\\ZuCo\\task1-SR\\pickle\\task1-SR-dataset.pickle', 'vocab_size': 10000, 'min_freq': 5, 'max_seq_len': 2000, 'train_split': 0.8, 'batch_size': 32}, 'eeg_encoder': {'input_size': 105, 'hidden_size': 768, 'num_layers': 6, 'num_heads': 8, 'dropout': 0.1, 'dim_feedforward': 2048}, 'text_encoder': {'model': 'facebook/bart-base', 'freeze_first_step': True, 'unfreeze_embeddings': True, 'unfreeze_first_layer': True}, 'projection': {'hidden_dim': 256, 'output_dim': 128, 'dropout': 0.1}, 'training': {'step1': {'epochs': 50, 'lr': 0.01, 'lr_step': 20, 'lr_gamma': 0.1}, 'step2': {'epochs': 30, 'lr': 0.001, 'lr_step': 10, 'lr_gamma': 0.1}, 'optimizer': 'sgd', 'momentum': 0.9, 'temperature': 0.07, 'save_dir': 'C:\\Users\\amars\\Downloads\\eeg2text\\eeg2text\\Contrastive_EEG\\..\\output\\contrastive_model\\run_20250411_141221'}}
2025-04-11 14:12:21,732 - __main__ - INFO - Output will be saved to C:\Users\amars\Downloads\eeg2text\eeg2text\Contrastive_EEG\..\output\contrastive_model\run_20250411_141221
2025-04-11 14:12:21,732 - __main__ - INFO - Loading ZuCo dataset from C:\Users\amars\Downloads\eeg2text\eeg2text\Contrastive_EEG\..\ZuCo\task1-SR\pickle\task1-SR-dataset.pickle
2025-04-11 14:12:22,527 - src.data.data_loader - INFO - Loading data from C:\Users\amars\Downloads\eeg2text\eeg2text\Contrastive_EEG\..\ZuCo\task1-SR\pickle\task1-SR-dataset.pickle
2025-04-11 14:12:26,096 - src.data.data_loader - INFO - Dataset loaded successfully
2025-04-11 14:12:26,097 - src.data.data_loader - INFO - Dataset is a dictionary structure
2025-04-11 14:12:26,097 - src.data.data_loader - INFO - Processed 0 sentences
2025-04-11 14:12:26,097 - src.data.data_loader - INFO - EEG feature dimension: None
2025-04-11 14:12:26,498 - __main__ - INFO - Dataset loaded with 0 samples
2025-04-11 14:12:26,499 - __main__ - INFO - EEG feature dimension: None
2025-04-11 14:17:25,155 - utils.config_utils - INFO - Configuration loaded from config/config.yaml
2025-04-11 14:17:25,157 - __main__ - INFO - Starting training with configuration: {'dataset': {'data_path': 'C:\\Users\\amars\\Downloads\\eeg2text\\eeg2text\\Contrastive_EEG\\..\\ZuCo\\task1-SR\\Preprocessed', 'vocab_size': 10000, 'min_freq': 5, 'max_seq_len': 2000, 'train_split': 0.8, 'batch_size': 32}, 'eeg_encoder': {'input_size': 105, 'hidden_size': 768, 'num_layers': 6, 'num_heads': 8, 'dropout': 0.1, 'dim_feedforward': 2048}, 'text_encoder': {'model': 'facebook/bart-base', 'freeze_first_step': True, 'unfreeze_embeddings': True, 'unfreeze_first_layer': True}, 'projection': {'hidden_dim': 256, 'output_dim': 128, 'dropout': 0.1}, 'training': {'step1': {'epochs': 50, 'lr': 0.01, 'lr_step': 20, 'lr_gamma': 0.1}, 'step2': {'epochs': 30, 'lr': 0.001, 'lr_step': 10, 'lr_gamma': 0.1}, 'optimizer': 'sgd', 'momentum': 0.9, 'temperature': 0.07, 'save_dir': 'C:\\Users\\amars\\Downloads\\eeg2text\\eeg2text\\Contrastive_EEG\\..\\output\\contrastive_model\\run_20250411_141725'}}
2025-04-11 14:17:25,157 - __main__ - INFO - Output will be saved to C:\Users\amars\Downloads\eeg2text\eeg2text\Contrastive_EEG\..\output\contrastive_model\run_20250411_141725
2025-04-11 14:17:25,157 - __main__ - INFO - Loading ZuCo dataset from C:\Users\amars\Downloads\eeg2text\eeg2text\Contrastive_EEG\..\ZuCo\task1-SR\Preprocessed
2025-04-11 14:17:25,986 - src.data.data_loader - INFO - Loading data from C:\Users\amars\Downloads\eeg2text\eeg2text\Contrastive_EEG\..\ZuCo\task1-SR\Preprocessed
2025-04-11 14:17:25,987 - src.data.data_loader - INFO - Loading data from MATLAB files in directory: C:\Users\amars\Downloads\eeg2text\eeg2text\Contrastive_EEG\..\ZuCo\task1-SR\Preprocessed
2025-04-11 14:17:25,989 - src.data.data_loader - INFO - Found sentence file: C:\Users\amars\Downloads\eeg2text\eeg2text\Contrastive_EEG\..\ZuCo\task1-SR\Preprocessed\sentencesSR.mat
2025-04-11 14:17:25,999 - src.data.data_loader - INFO - Loaded 600 sentences with scipy.io
2025-04-11 14:17:26,000 - src.data.data_loader - INFO - Loaded 600 sentences from MATLAB file
2025-04-11 14:17:26,005 - src.data.data_loader - INFO - Found 59 EEG files
2025-04-11 14:17:26,013 - src.data.data_loader - WARNING - Error loading with scipy.io: Please use HDF reader for matlab v7.3 files, e.g. h5py, trying h5py...
2025-04-11 14:17:26,274 - src.data.data_loader - INFO - Using placeholder for EEG file: gip_ZJM_SNR6_EEG.mat
2025-04-11 14:17:26,291 - src.data.data_loader - WARNING - Error loading with scipy.io: Please use HDF reader for matlab v7.3 files, e.g. h5py, trying h5py...
2025-04-11 14:17:26,530 - src.data.data_loader - INFO - Using placeholder for EEG file: gip_ZJM_SNR8_EEG.mat
2025-04-11 14:17:26,549 - src.data.data_loader - WARNING - Error loading with scipy.io: Please use HDF reader for matlab v7.3 files, e.g. h5py, trying h5py...
2025-04-11 14:17:26,803 - src.data.data_loader - INFO - Paired EEG data with sentence: A real winner -- smart, funny, subtle, and resonan...
2025-04-11 14:17:26,811 - src.data.data_loader - WARNING - Error loading with scipy.io: Please use HDF reader for matlab v7.3 files, e.g. h5py, trying h5py...
2025-04-11 14:17:27,084 - src.data.data_loader - INFO - Using placeholder for EEG file: gip_ZJN_SNR6_EEG.mat
2025-04-11 14:17:27,091 - src.data.data_loader - WARNING - Error loading with scipy.io: Please use HDF reader for matlab v7.3 files, e.g. h5py, trying h5py...
2025-04-11 14:17:27,327 - src.data.data_loader - INFO - Using placeholder for EEG file: gip_ZJN_SNR7_EEG.mat
2025-04-11 14:17:27,335 - src.data.data_loader - WARNING - Error loading with scipy.io: Please use HDF reader for matlab v7.3 files, e.g. h5py, trying h5py...
2025-04-11 14:17:27,797 - src.data.data_loader - INFO - Paired EEG data with sentence: One of the best silly horror movies of recent memo...
2025-04-11 14:17:27,814 - src.data.data_loader - WARNING - Error loading with scipy.io: Please use HDF reader for matlab v7.3 files, e.g. h5py, trying h5py...
2025-04-11 14:17:28,222 - src.data.data_loader - INFO - Paired EEG data with sentence: Jason Patric and Ray Liotta make for one splendidl...
2025-04-11 14:17:28,230 - src.data.data_loader - WARNING - Error loading with scipy.io: Please use HDF reader for matlab v7.3 files, e.g. h5py, trying h5py...
2025-04-11 14:17:28,666 - src.data.data_loader - INFO - Paired EEG data with sentence: A real winner -- smart, funny, subtle, and resonan...
2025-04-11 14:17:28,683 - src.data.data_loader - WARNING - Error loading with scipy.io: Please use HDF reader for matlab v7.3 files, e.g. h5py, trying h5py...
2025-04-11 14:17:29,177 - src.data.data_loader - INFO - Paired EEG data with sentence: It's hard to imagine acting that could be any flat...
2025-04-11 14:17:29,196 - src.data.data_loader - WARNING - Error loading with scipy.io: Please use HDF reader for matlab v7.3 files, e.g. h5py, trying h5py...
2025-04-11 14:17:29,585 - src.data.data_loader - INFO - Paired EEG data with sentence: This is more a case of `Sacre bleu!'...
2025-04-11 14:17:29,593 - src.data.data_loader - WARNING - Error loading with scipy.io: Please use HDF reader for matlab v7.3 files, e.g. h5py, trying h5py...
2025-04-11 14:17:29,880 - src.data.data_loader - INFO - Using placeholder for EEG file: oip_ZJN_SNR8_EEG.mat
2025-04-11 14:17:29,899 - src.data.data_loader - WARNING - Error loading with scipy.io: Please use HDF reader for matlab v7.3 files, e.g. h5py, trying h5py...
2025-04-11 14:17:30,086 - src.data.data_loader - INFO - Using placeholder for EEG file: gip_ZJS_SNR7_EEG.mat
2025-04-11 14:17:30,094 - src.data.data_loader - WARNING - Error loading with scipy.io: Please use HDF reader for matlab v7.3 files, e.g. h5py, trying h5py...
2025-04-11 14:17:30,302 - src.data.data_loader - INFO - Paired EEG data with sentence: This is more a case of `Sacre bleu!'...
2025-04-11 14:17:30,319 - src.data.data_loader - WARNING - Error loading with scipy.io: Please use HDF reader for matlab v7.3 files, e.g. h5py, trying h5py...
2025-04-11 14:17:30,513 - src.data.data_loader - INFO - Using placeholder for EEG file: oip_ZJS_SNR6_EEG.mat
2025-04-11 14:17:30,520 - src.data.data_loader - WARNING - Error loading with scipy.io: Please use HDF reader for matlab v7.3 files, e.g. h5py, trying h5py...
2025-04-11 14:17:30,704 - src.data.data_loader - INFO - Using placeholder for EEG file: oip_ZJS_SNR8_EEG.mat
2025-04-11 14:17:30,720 - src.data.data_loader - WARNING - Error loading with scipy.io: Please use HDF reader for matlab v7.3 files, e.g. h5py, trying h5py...
2025-04-11 14:17:30,911 - src.data.data_loader - INFO - Paired EEG data with sentence: One of the best silly horror movies of recent memo...
2025-04-11 14:17:30,918 - src.data.data_loader - WARNING - Error loading with scipy.io: Please use HDF reader for matlab v7.3 files, e.g. h5py, trying h5py...
2025-04-11 14:17:31,109 - src.data.data_loader - INFO - Paired EEG data with sentence: Jason Patric and Ray Liotta make for one splendidl...
2025-04-11 14:17:31,125 - src.data.data_loader - WARNING - Error loading with scipy.io: Please use HDF reader for matlab v7.3 files, e.g. h5py, trying h5py...
2025-04-11 14:17:31,332 - src.data.data_loader - INFO - Paired EEG data with sentence: A real winner -- smart, funny, subtle, and resonan...
2025-04-11 14:17:31,348 - src.data.data_loader - WARNING - Error loading with scipy.io: Please use HDF reader for matlab v7.3 files, e.g. h5py, trying h5py...
2025-04-11 14:17:31,557 - src.data.data_loader - INFO - Paired EEG data with sentence: It's hard to imagine acting that could be any flat...
2025-04-11 14:17:31,563 - src.data.data_loader - WARNING - Error loading with scipy.io: Please use HDF reader for matlab v7.3 files, e.g. h5py, trying h5py...
2025-04-11 14:17:31,783 - src.data.data_loader - INFO - Using placeholder for EEG file: gip_ZKB_SNR6_EEG.mat
2025-04-11 14:17:31,798 - src.data.data_loader - WARNING - Error loading with scipy.io: Please use HDF reader for matlab v7.3 files, e.g. h5py, trying h5py...
2025-04-11 14:17:32,003 - src.data.data_loader - INFO - Using placeholder for EEG file: gip_ZKB_SNR7_EEG.mat
2025-04-11 14:17:32,010 - src.data.data_loader - WARNING - Error loading with scipy.io: Please use HDF reader for matlab v7.3 files, e.g. h5py, trying h5py...
2025-04-11 14:17:32,204 - src.data.data_loader - INFO - Using placeholder for EEG file: gip_ZKB_SNR8_EEG.mat
2025-04-11 14:17:32,222 - src.data.data_loader - WARNING - Error loading with scipy.io: Please use HDF reader for matlab v7.3 files, e.g. h5py, trying h5py...
2025-04-11 14:17:32,526 - src.data.data_loader - INFO - Paired EEG data with sentence: One of the best silly horror movies of recent memo...
2025-04-11 14:17:32,533 - src.data.data_loader - WARNING - Error loading with scipy.io: Please use HDF reader for matlab v7.3 files, e.g. h5py, trying h5py...
2025-04-11 14:17:32,790 - src.data.data_loader - INFO - Paired EEG data with sentence: Jason Patric and Ray Liotta make for one splendidl...
2025-04-11 14:17:32,807 - src.data.data_loader - WARNING - Error loading with scipy.io: Please use HDF reader for matlab v7.3 files, e.g. h5py, trying h5py...
2025-04-11 14:17:33,065 - src.data.data_loader - INFO - Paired EEG data with sentence: A real winner -- smart, funny, subtle, and resonan...
2025-04-11 14:17:33,083 - src.data.data_loader - WARNING - Error loading with scipy.io: Please use HDF reader for matlab v7.3 files, e.g. h5py, trying h5py...
2025-04-11 14:17:33,306 - src.data.data_loader - INFO - Paired EEG data with sentence: It's hard to imagine acting that could be any flat...
2025-04-11 14:17:33,324 - src.data.data_loader - WARNING - Error loading with scipy.io: Please use HDF reader for matlab v7.3 files, e.g. h5py, trying h5py...
2025-04-11 14:17:33,535 - src.data.data_loader - INFO - Paired EEG data with sentence: This is more a case of `Sacre bleu!'...
2025-04-11 14:17:33,552 - src.data.data_loader - WARNING - Error loading with scipy.io: Please use HDF reader for matlab v7.3 files, e.g. h5py, trying h5py...
2025-04-11 14:17:33,789 - src.data.data_loader - INFO - Using placeholder for EEG file: oip_ZKH_SNR6_EEG.mat
2025-04-11 14:17:33,798 - src.data.data_loader - WARNING - Error loading with scipy.io: Please use HDF reader for matlab v7.3 files, e.g. h5py, trying h5py...
2025-04-11 14:17:34,037 - src.data.data_loader - INFO - Using placeholder for EEG file: oip_ZKH_SNR7_EEG.mat
2025-04-11 14:17:34,054 - src.data.data_loader - WARNING - Error loading with scipy.io: Please use HDF reader for matlab v7.3 files, e.g. h5py, trying h5py...
2025-04-11 14:17:34,285 - src.data.data_loader - INFO - Using placeholder for EEG file: oip_ZKH_SNR8_EEG.mat
2025-04-11 14:17:34,302 - src.data.data_loader - WARNING - Error loading with scipy.io: Please use HDF reader for matlab v7.3 files, e.g. h5py, trying h5py...
2025-04-11 14:17:34,513 - src.data.data_loader - INFO - Paired EEG data with sentence: One of the best silly horror movies of recent memo...
2025-04-11 14:17:34,520 - src.data.data_loader - WARNING - Error loading with scipy.io: Please use HDF reader for matlab v7.3 files, e.g. h5py, trying h5py...
2025-04-11 14:17:34,735 - src.data.data_loader - INFO - Paired EEG data with sentence: Jason Patric and Ray Liotta make for one splendidl...
2025-04-11 14:17:34,742 - src.data.data_loader - WARNING - Error loading with scipy.io: Please use HDF reader for matlab v7.3 files, e.g. h5py, trying h5py...
2025-04-11 14:17:34,973 - src.data.data_loader - INFO - Paired EEG data with sentence: A real winner -- smart, funny, subtle, and resonan...
2025-04-11 14:17:34,989 - src.data.data_loader - WARNING - Error loading with scipy.io: Please use HDF reader for matlab v7.3 files, e.g. h5py, trying h5py...
2025-04-11 14:17:35,235 - src.data.data_loader - INFO - Paired EEG data with sentence: It's hard to imagine acting that could be any flat...
2025-04-11 14:17:35,253 - src.data.data_loader - WARNING - Error loading with scipy.io: Please use HDF reader for matlab v7.3 files, e.g. h5py, trying h5py...
2025-04-11 14:17:35,489 - src.data.data_loader - INFO - Paired EEG data with sentence: This is more a case of `Sacre bleu!'...
2025-04-11 14:17:35,496 - src.data.data_loader - WARNING - Error loading with scipy.io: Please use HDF reader for matlab v7.3 files, e.g. h5py, trying h5py...
2025-04-11 14:17:35,858 - src.data.data_loader - INFO - Using placeholder for EEG file: gip_ZKW_SNR1_EEG.mat
2025-04-11 14:17:35,875 - src.data.data_loader - WARNING - Error loading with scipy.io: Please use HDF reader for matlab v7.3 files, e.g. h5py, trying h5py...
2025-04-11 14:17:36,249 - src.data.data_loader - INFO - Using placeholder for EEG file: gip_ZKW_SNR2_EEG.mat
2025-04-11 14:17:36,257 - src.data.data_loader - WARNING - Error loading with scipy.io: Please use HDF reader for matlab v7.3 files, e.g. h5py, trying h5py...
2025-04-11 14:17:36,566 - src.data.data_loader - INFO - Using placeholder for EEG file: gip_ZKW_SNR3_EEG.mat
2025-04-11 14:17:36,573 - src.data.data_loader - WARNING - Error loading with scipy.io: Please use HDF reader for matlab v7.3 files, e.g. h5py, trying h5py...
2025-04-11 14:17:36,876 - src.data.data_loader - INFO - Using placeholder for EEG file: gip_ZKW_SNR4_EEG.mat
2025-04-11 14:17:36,894 - src.data.data_loader - WARNING - Error loading with scipy.io: Please use HDF reader for matlab v7.3 files, e.g. h5py, trying h5py...
2025-04-11 14:17:37,180 - src.data.data_loader - INFO - Using placeholder for EEG file: gip_ZKW_SNR5_EEG.mat
2025-04-11 14:17:37,197 - src.data.data_loader - WARNING - Error loading with scipy.io: Please use HDF reader for matlab v7.3 files, e.g. h5py, trying h5py...
2025-04-11 14:17:37,498 - src.data.data_loader - INFO - Using placeholder for EEG file: gip_ZKW_SNR6_EEG.mat
2025-04-11 14:17:37,506 - src.data.data_loader - WARNING - Error loading with scipy.io: Please use HDF reader for matlab v7.3 files, e.g. h5py, trying h5py...
2025-04-11 14:17:37,765 - src.data.data_loader - INFO - Using placeholder for EEG file: gip_ZKW_SNR7_EEG.mat
2025-04-11 14:17:37,782 - src.data.data_loader - WARNING - Error loading with scipy.io: Please use HDF reader for matlab v7.3 files, e.g. h5py, trying h5py...
2025-04-11 14:17:38,049 - src.data.data_loader - INFO - Using placeholder for EEG file: gip_ZKW_SNR8_EEG.mat
2025-04-11 14:17:38,057 - src.data.data_loader - WARNING - Error loading with scipy.io: Please use HDF reader for matlab v7.3 files, e.g. h5py, trying h5py...
2025-04-11 14:17:38,261 - src.data.data_loader - INFO - Using placeholder for EEG file: gip_ZMG_SNR6_EEG.mat
2025-04-11 14:17:38,268 - src.data.data_loader - WARNING - Error loading with scipy.io: Please use HDF reader for matlab v7.3 files, e.g. h5py, trying h5py...
2025-04-11 14:17:38,465 - src.data.data_loader - INFO - Using placeholder for EEG file: gip_ZMG_SNR8_EEG.mat
2025-04-11 14:17:38,472 - src.data.data_loader - WARNING - Error loading with scipy.io: Please use HDF reader for matlab v7.3 files, e.g. h5py, trying h5py...
2025-04-11 14:17:38,687 - src.data.data_loader - INFO - Paired EEG data with sentence: A real winner -- smart, funny, subtle, and resonan...
2025-04-11 14:17:38,695 - src.data.data_loader - WARNING - Error loading with scipy.io: Please use HDF reader for matlab v7.3 files, e.g. h5py, trying h5py...
2025-04-11 14:17:38,882 - src.data.data_loader - INFO - Using placeholder for EEG file: oip_ZMG_SNR7_EEG.mat
2025-04-11 14:17:39,114 - src.data.data_loader - INFO - Paired EEG data with sentence: One of the best silly horror movies of recent memo...
2025-04-11 14:17:39,130 - src.data.data_loader - WARNING - Error loading with scipy.io: Please use HDF reader for matlab v7.3 files, e.g. h5py, trying h5py...
2025-04-11 14:17:39,361 - src.data.data_loader - INFO - Paired EEG data with sentence: Jason Patric and Ray Liotta make for one splendidl...
2025-04-11 14:17:39,368 - src.data.data_loader - WARNING - Error loading with scipy.io: Please use HDF reader for matlab v7.3 files, e.g. h5py, trying h5py...
2025-04-11 14:17:39,591 - src.data.data_loader - INFO - Paired EEG data with sentence: It's hard to imagine acting that could be any flat...
2025-04-11 14:17:39,598 - src.data.data_loader - WARNING - Error loading with scipy.io: Please use HDF reader for matlab v7.3 files, e.g. h5py, trying h5py...
2025-04-11 14:17:39,803 - src.data.data_loader - INFO - Paired EEG data with sentence: This is more a case of `Sacre bleu!'...
2025-04-11 14:17:39,810 - src.data.data_loader - WARNING - Error loading with scipy.io: Please use HDF reader for matlab v7.3 files, e.g. h5py, trying h5py...
2025-04-11 14:17:40,065 - src.data.data_loader - INFO - Using placeholder for EEG file: gip_ZPH_SNR1_EEG.mat
2025-04-11 14:17:40,082 - src.data.data_loader - WARNING - Error loading with scipy.io: Please use HDF reader for matlab v7.3 files, e.g. h5py, trying h5py...
2025-04-11 14:17:40,351 - src.data.data_loader - INFO - Using placeholder for EEG file: gip_ZPH_SNR2_EEG.mat
2025-04-11 14:17:40,368 - src.data.data_loader - WARNING - Error loading with scipy.io: Please use HDF reader for matlab v7.3 files, e.g. h5py, trying h5py...
2025-04-11 14:17:40,607 - src.data.data_loader - INFO - Using placeholder for EEG file: oip_ZPH_SNR3_EEG.mat
2025-04-11 14:17:40,614 - src.data.data_loader - WARNING - Error loading with scipy.io: Please use HDF reader for matlab v7.3 files, e.g. h5py, trying h5py...
2025-04-11 14:17:40,879 - src.data.data_loader - INFO - Using placeholder for EEG file: oip_ZPH_SNR4_EEG.mat
2025-04-11 14:17:40,886 - src.data.data_loader - WARNING - Error loading with scipy.io: Please use HDF reader for matlab v7.3 files, e.g. h5py, trying h5py...
2025-04-11 14:17:41,105 - src.data.data_loader - INFO - Using placeholder for EEG file: oip_ZPH_SNR5_EEG.mat
2025-04-11 14:17:41,113 - src.data.data_loader - WARNING - Error loading with scipy.io: Please use HDF reader for matlab v7.3 files, e.g. h5py, trying h5py...
2025-04-11 14:17:41,301 - src.data.data_loader - INFO - Using placeholder for EEG file: oip_ZPH_SNR6_EEG.mat
2025-04-11 14:17:41,317 - src.data.data_loader - WARNING - Error loading with scipy.io: Please use HDF reader for matlab v7.3 files, e.g. h5py, trying h5py...
2025-04-11 14:17:41,486 - src.data.data_loader - INFO - Using placeholder for EEG file: oip_ZPH_SNR7_EEG.mat
2025-04-11 14:17:41,493 - src.data.data_loader - WARNING - Error loading with scipy.io: Please use HDF reader for matlab v7.3 files, e.g. h5py, trying h5py...
2025-04-11 14:17:41,628 - src.data.data_loader - INFO - Using placeholder for EEG file: oip_ZPH_SNR8_EEG.mat
2025-04-11 14:17:41,629 - src.data.data_loader - INFO - Processed 59 sentences
2025-04-11 14:17:41,629 - src.data.data_loader - INFO - EEG feature dimension: 105
2025-04-11 14:17:41,629 - __main__ - INFO - Dataset loaded with 59 samples
2025-04-11 14:17:41,629 - __main__ - INFO - EEG feature dimension: 105
2025-04-11 14:17:41,631 - __main__ - INFO - Created data loaders with batch size 32
2025-04-11 14:17:41,631 - __main__ - INFO - Train loader: 2 batches
2025-04-11 14:17:41,632 - __main__ - INFO - Validation loader: 1 batches
2025-04-11 14:17:41,632 - __main__ - INFO - Initializing model
2025-04-11 14:18:04,343 - src.training.trainer - INFO - Trainer initialized with device: cpu
2025-04-11 14:18:04,343 - __main__ - INFO - Starting training
2025-04-11 14:18:04,344 - src.training.trainer - INFO - Starting Step 1: Training with frozen BART layers
2025-04-11 14:18:04,345 - src.training.trainer - INFO - Step 1 training
